This file contains any messages produced by compilers while
running configure, to aid debugging if configure makes a mistake.

configure:532: checking system type
configure:561: checking for gcc
configure:674: checking whether the C compiler (gcc  ) works
configure:690: gcc -o conftest    conftest.c  1>&5
configure:716: checking whether the C compiler (gcc  ) is a cross-compiler
configure:721: checking whether we are using GNU C
configure:730: gcc -E conftest.c
configure:749: checking whether gcc accepts -g
configure:781: checking whether make sets ${MAKE}
configure:810: checking for ranlib
configure:853: checking for socket in -lsocket
configure:872: gcc -o conftest    conftest.c -lsocket   1>&5
/usr/bin/ld: cannot find -lsocket
collect2: ld returned 1 exit status
configure: failed program was:
#line 861 "configure"
#include "confdefs.h"
/* Override any gcc2 internal prototype to avoid an error.  */
/* We use char because int might match the return type of a gcc2
    builtin and then its argument prototype would still apply.  */
char socket();

int main() {
socket()
; return 0; }
configure:900: checking for gethostbyname in -lnsl
configure:919: gcc -o conftest    conftest.c -lnsl   1>&5
configure:948: checking how to run the C preprocessor
configure:969: gcc -E  conftest.c >/dev/null 2>conftest.out
configure:1028: checking for ANSI C header files
configure:1041: gcc -E  conftest.c >/dev/null 2>conftest.out
configure:1108: gcc -o conftest    conftest.c -lnsl  1>&5
configure:1136: checking for errno.h
configure:1146: gcc -E  conftest.c >/dev/null 2>conftest.out
configure:1136: checking for netdb.h
configure:1146: gcc -E  conftest.c >/dev/null 2>conftest.out
configure:1136: checking for unistd.h
configure:1146: gcc -E  conftest.c >/dev/null 2>conftest.out
configure:1136: checking for strings.h
configure:1146: gcc -E  conftest.c >/dev/null 2>conftest.out
configure:1136: checking for arpa/inet.h
configure:1146: gcc -E  conftest.c >/dev/null 2>conftest.out
configure:1136: checking for net/errno.h
configure:1146: gcc -E  conftest.c >/dev/null 2>conftest.out
configure:1142: net/errno.h: No such file or directory
configure: failed program was:
#line 1141 "configure"
#include "confdefs.h"
#include <net/errno.h>
configure:1136: checking for netinet/in.h
configure:1146: gcc -E  conftest.c >/dev/null 2>conftest.out
configure:1136: checking for sys/errno.h
configure:1146: gcc -E  conftest.c >/dev/null 2>conftest.out
configure:1136: checking for sys/socket.h
configure:1146: gcc -E  conftest.c >/dev/null 2>conftest.out
configure:1136: checking for sys/types.h
configure:1146: gcc -E  conftest.c >/dev/null 2>conftest.out
configure:1174: checking for working const
configure:1228: gcc -c   conftest.c 1>&5
configure:1249: checking for size_t
configure:1282: checking for ssize_t
configure:1319: checking for socket
configure:1347: gcc -o conftest    conftest.c -lnsl  1>&5
configure:1319: checking for bcopy
configure:1347: gcc -o conftest    conftest.c -lnsl  1>&5
configure:1319: checking for bzero
configure:1347: gcc -o conftest    conftest.c -lnsl  1>&5
configure:1319: checking for memcpy
configure:1347: gcc -o conftest    conftest.c -lnsl  1>&5
configure:1331: warning: conflicting types for built-in function `memcpy'
configure:1319: checking for memset
configure:1347: gcc -o conftest    conftest.c -lnsl  1>&5
configure:1331: warning: conflicting types for built-in function `memset'
configure:1319: checking for inet_aton
configure:1347: gcc -o conftest    conftest.c -lnsl  1>&5
configure:1319: checking for inet_pton
configure:1347: gcc -o conftest    conftest.c -lnsl  1>&5
configure:1319: checking for snprintf
configure:1347: gcc -o conftest    conftest.c -lnsl  1>&5
configure:1319: checking for vsprintf
configure:1347: gcc -o conftest    conftest.c -lnsl  1>&5
configure:1373: checking for OS-specific defines
