### Autogenerated dependencies
attribtab.u : attribtab.icn
basiccanvascomponentui.u : basiccanvascomponentui.icn canvascomponentui.u
buttongroupset.u : buttongroupset.icn groupset.u
canvas.u : canvas.icn commondialog.u
canvasborder.u : canvasborder.icn canvascomponent.u
canvasborderdialog.u : canvasborderdialog.icn canvascomponentdialog.u
canvasborderui.u : canvasborderui.icn basiccanvascomponentui.u
canvasbutton.u : canvasbutton.icn canvascomponent.u
canvasbuttondialog.u : canvasbuttondialog.icn canvascomponentdialog.u
canvasbuttongroup.u : canvasbuttongroup.icn group.u
canvascheckbox.u : canvascheckbox.icn canvasbutton.u
canvascheckboxdialog.u : canvascheckboxdialog.icn canvasbuttondialog.u
canvascheckboxgroup.u : canvascheckboxgroup.icn group.u
canvascheckboxmenuedit.u : canvascheckboxmenuedit.icn menucomponentedit.u
canvascheckboxmenuitem.u : canvascheckboxmenuitem.icn canvasmenucomponent.u
canvascheckboxui.u : canvascheckboxui.icn basiccanvascomponentui.u
canvascomponent.u : canvascomponent.icn
canvascomponentdialog.u : canvascomponentdialog.icn commondialog.u
canvascomponentui.u : canvascomponentui.icn
canvascustom.u : canvascustom.icn canvascomponent.u custom.u
canvascustomdialog.u : canvascustomdialog.icn canvascomponentdialog.u
canvascustomui.u : canvascustomui.icn basiccanvascomponentui.u
canvaseditabletextlist.u : canvaseditabletextlist.icn canvascomponent.u
canvaseditabletextlistdialog.u : canvaseditabletextlistdialog.icn canvascomponentdialog.u
canvaseditabletextlistui.u : canvaseditabletextlistui.icn basiccanvascomponentui.u
canvaseditlist.u : canvaseditlist.icn canvascomponent.u
canvaseditlistdialog.u : canvaseditlistdialog.icn canvascomponentdialog.u
canvaseditlistui.u : canvaseditlistui.icn basiccanvascomponentui.u
canvashlineui.u : canvashlineui.icn basiccanvascomponentui.u
canvashscrollbarui.u : canvashscrollbarui.icn basiccanvascomponentui.u
canvashsizerui.u : canvashsizerui.icn basiccanvascomponentui.u
canvashsliderui.u : canvashsliderui.icn basiccanvascomponentui.u
canvasicon.u : canvasicon.icn canvascomponent.u
canvasiconbutton.u : canvasiconbutton.icn canvasbutton.u
canvasiconbuttondialog.u : canvasiconbuttondialog.icn canvasbuttondialog.u
canvasiconbuttonui.u : canvasiconbuttonui.icn basiccanvascomponentui.u
canvasicondialog.u : canvasicondialog.icn canvascomponentdialog.u
canvasiconui.u : canvasiconui.icn basiccanvascomponentui.u
canvasimage.u : canvasimage.icn canvascomponent.u
canvasimagedialog.u : canvasimagedialog.icn canvascomponentdialog.u
canvasimageui.u : canvasimageui.icn basiccanvascomponentui.u
canvaslabel.u : canvaslabel.icn canvascomponent.u
canvaslabeldialog.u : canvaslabeldialog.icn canvascomponentdialog.u
canvaslabelui.u : canvaslabelui.icn basiccanvascomponentui.u
canvasline.u : canvasline.icn canvascomponent.u
canvaslinedialog.u : canvaslinedialog.icn canvascomponentdialog.u
canvaslist.u : canvaslist.icn canvascomponent.u
canvaslistdialog.u : canvaslistdialog.icn canvascomponentdialog.u
canvaslistspin.u : canvaslistspin.icn canvascomponent.u
canvaslistspindialog.u : canvaslistspindialog.icn canvascomponentdialog.u
canvaslistspinui.u : canvaslistspinui.icn basiccanvascomponentui.u
canvaslistui.u : canvaslistui.icn basiccanvascomponentui.u
canvasmenu.u : canvasmenu.icn canvasmenucomponent.u
canvasmenubar.u : canvasmenubar.icn canvascomponent.u
canvasmenubardialog.u : canvasmenubardialog.icn canvascomponentdialog.u
canvasmenubarui.u : canvasmenubarui.icn basiccanvascomponentui.u
canvasmenubutton.u : canvasmenubutton.icn canvascomponent.u
canvasmenubuttonui.u : canvasmenubuttonui.icn basiccanvascomponentui.u
canvasmenucomponent.u : canvasmenucomponent.icn
canvasmenucomponentdialog.u : canvasmenucomponentdialog.icn menucomponentedit.u
canvasmenuseparator.u : canvasmenuseparator.icn canvasmenucomponent.u
canvasmenuseparatoredit.u : canvasmenuseparatoredit.icn menucomponentedit.u
canvasoverlayitem.u : canvasoverlayitem.icn canvascomponent.u
canvasoverlayset.u : canvasoverlayset.icn canvascomponent.u
canvasoverlaysetdialog.u : canvasoverlaysetdialog.icn canvascomponentdialog.u
canvasoverlaysetui.u : canvasoverlaysetui.icn basiccanvascomponentui.u
canvaspanel.u : canvaspanel.icn canvascomponent.u
canvaspaneldialog.u : canvaspaneldialog.icn canvascomponentdialog.u
canvaspanelui.u : canvaspanelui.icn basiccanvascomponentui.u
canvasrangespin.u : canvasrangespin.icn canvascomponent.u
canvasrangespindialog.u : canvasrangespindialog.icn canvascomponentdialog.u
canvasrangespinui.u : canvasrangespinui.icn basiccanvascomponentui.u
canvasscrollbar.u : canvasscrollbar.icn canvascomponent.u
canvasscrollbardialog.u : canvasscrollbardialog.icn canvascomponentdialog.u
canvassizer.u : canvassizer.icn canvascomponent.u
canvassizerdialog.u : canvassizerdialog.icn canvascomponentdialog.u
canvasslider.u : canvasslider.icn canvascomponent.u
canvassliderdialog.u : canvassliderdialog.icn canvascomponentdialog.u
canvastabitem.u : canvastabitem.icn canvascomponent.u
canvastable.u : canvastable.icn canvascomponent.u
canvastablecolumn.u : canvastablecolumn.icn canvascomponent.u
canvastabledialog.u : canvastabledialog.icn canvascomponentdialog.u
canvastableui.u : canvastableui.icn basiccanvascomponentui.u
canvastabset.u : canvastabset.icn canvascomponent.u
canvastabsetdialog.u : canvastabsetdialog.icn canvascomponentdialog.u
canvastabsetui.u : canvastabsetui.icn basiccanvascomponentui.u
canvastextbutton.u : canvastextbutton.icn canvasbutton.u
canvastextbuttondialog.u : canvastextbuttondialog.icn canvasbuttondialog.u
canvastextbuttonui.u : canvastextbuttonui.icn basiccanvascomponentui.u
canvastextfield.u : canvastextfield.icn canvascomponent.u
canvastextfielddialog.u : canvastextfielddialog.icn canvascomponentdialog.u
canvastextfieldui.u : canvastextfieldui.icn basiccanvascomponentui.u
canvastextlist.u : canvastextlist.icn canvascomponent.u
canvastextlistdialog.u : canvastextlistdialog.icn canvascomponentdialog.u
canvastextlistui.u : canvastextlistui.icn basiccanvascomponentui.u
canvastextmenuitem.u : canvastextmenuitem.icn canvasmenucomponent.u
canvastoolbar.u : canvastoolbar.icn canvaspanel.u
canvastoolbardialog.u : canvastoolbardialog.icn canvaspaneldialog.u
canvastoolbarui.u : canvastoolbarui.icn basiccanvascomponentui.u
canvastree.u : canvastree.icn canvascomponent.u
canvastreedialog.u : canvastreedialog.icn canvascomponentdialog.u
canvastreeui.u : canvastreeui.icn basiccanvascomponentui.u
canvasvlineui.u : canvasvlineui.icn basiccanvascomponentui.u
canvasvscrollbarui.u : canvasvscrollbarui.icn basiccanvascomponentui.u
canvasvsizerui.u : canvasvsizerui.icn basiccanvascomponentui.u
canvasvsliderui.u : canvasvsliderui.icn basiccanvascomponentui.u
cdialog.u : cdialog.icn
checkboxgroupset.u : checkboxgroupset.icn groupset.u
choicedialog.u : choicedialog.icn commondialog.u
code.u : code.icn
commondialog.u : commondialog.icn
componentsort.u : componentsort.icn
custom.u : custom.icn
eventtab.u : eventtab.icn
gridelement.u : gridelement.icn
gridset.u : gridset.icn
group.u : group.icn
groupset.u : groupset.icn
groupsetdialog.u : groupsetdialog.icn commondialog.u
hcomponentsort.u : hcomponentsort.icn componentsort.u
infodialog.u : infodialog.icn commondialog.u
ivib.u : ivib.icn
ivibmigrate.u : ivibmigrate.icn
linkfiles.u : linkfiles.icn
main.u : main.icn commondialog.u version.icn
menucomponentedit.u : menucomponentedit.icn commondialog.u
menutree.u : menutree.icn
menutreenode.u : menutreenode.icn
savechangesdialog.u : savechangesdialog.icn commondialog.u
utils.u : utils.icn
vcomponentsort.u : vcomponentsort.icn componentsort.u
version.u : version.icn
