### Autogenerated dependencies
_button.u : _button.icn gui.u toggle.u
_image.u : _image.icn gui.u
_list.u : _list.icn gui.u
_menu.u : _menu.icn submenu.u
_node.u : _node.icn
_panel.u : _panel.icn gui.u
_table.u : _table.icn gui.u
_ticker.u : _ticker.icn
_tree.u : _tree.icn scrollarea.u
address.u : address.icn
attr.u : attr.icn
base64handler.u : base64handler.icn encodinghandler.u
basicclasscoding.u : basicclasscoding.icn classcoding.u
border.u : border.icn gui.u
buttongroup.u : buttongroup.icn
checkbox.u : checkbox.icn gui.u
checkboxgroup.u : checkboxgroup.icn
checkboxmenuitem.u : checkboxmenuitem.icn menucomponent.u toggle.u
class.u : class.icn method.u
classcoding.u : classcoding.icn
cltable.u : cltable.icn langprocs.u object.u stringbuff.u
comparator.u : comparator.icn
component.u : component.icn gui.u
compoundedit.u : compoundedit.icn undoableedit.u
connectable.u : connectable.icn notification.u langprocs.u listener.u
contentdisposition.u : contentdisposition.icn cltable.u error.u
contenttype.u : contenttype.icn cltable.u error.u
cvsuser.u : cvsuser.icn
cvsutil.u : cvsutil.icn cvsuser.u mailbox.u
db.u : db.icn
decode.u : decode.icn object.u stringbuff.u
dispatcher.u : dispatcher.icn
dropdown.u : dropdown.icn
editabletextlist.u : editabletextlist.icn scrollarea.u
editlist.u : editlist.icn gui.u
encode.u : encode.icn object.u stringbuff.u
encodinghandler.u : encodinghandler.icn error.u
error.u : error.icn
notification.u : notification.icn object.u
file_dlg.u : file_dlg.icn gui.u
font_dlg.u : font_dlg.icn gui.u
format.u : format.icn
group.u : group.icn address.u error.u
gui.u : gui.icn _button.icn _image.icn _list.icn _menu.icn _node.icn _panel.icn _table.icn _ticker.icn _tree.icn border.icn buttongroup.icn checkbox.icn checkboxgroup.icn checkboxmenuitem.icn component.icn dispatcher.icn dropdown.icn editabletextlist.icn editlist.icn guiconst.icn icon.icn iconbutton.icn label.icn menubar.icn menubutton.icn menucomponent.icn menuseparator.icn overlayitem.icn overlayset.icn popupmenu.icn scrollarea.icn scrollbar.icn sizer.icn submenu.icn tabitem.icn tablecolumn.icn tabset.icn textbutton.icn textfield.icn textlist.icn textmenuitem.icn toggle.icn toggleiconbutton.icn toggletextbutton.icn toolbar.icn
guiconst.u : guiconst.icn
httpclient.u : httpclient.icn base64handler.u cltable.u format.u httpresponse.u md5.u netclient.u object.u stringbuff.u time.u url.u
httprequest.u : httprequest.icn cltable.u netclient.u object.u setfields.u time.u url.u
httpresponse.u : httpresponse.icn cltable.u object.u
icon.u : icon.icn gui.u
iconbutton.u : iconbutton.icn gui.u
label.u : label.icn gui.u
langprocs.u : langprocs.icn class.u format.u stringbuff.u
listener.u : listener.icn
mailbox.u : mailbox.icn address.u error.u
mailmisc.u : mailmisc.icn
md5.u : md5.icn format.u
menubar.u : menubar.icn gui.u
menubutton.u : menubutton.icn gui.u
menucomponent.u : menucomponent.icn gui.u
menuseparator.u : menuseparator.icn menucomponent.u
message.u : message.icn cltable.u contenttype.u error.u mailmisc.u rfc822parser.u
messagehandler.u : messagehandler.icn message.u typehandler.u
method.u : method.icn
money.u : money.icn error.u object.u
msg.u : msg.icn decode.u encode.u time.u
msgutils.u : msgutils.icn
multipart.u : multipart.icn error.u
multiparthandler.u : multiparthandler.icn message.u multipart.u typehandler.u
netclient.u : netclient.icn connectable.u error.u setfields.u time.u
noophandler.u : noophandler.icn encodinghandler.u
object.u : object.icn
overlayitem.u : overlayitem.icn gui.u
overlayset.u : overlayset.icn gui.u
popclient.u : popclient.icn message.u netclient.u
popupmenu.u : popupmenu.icn gui.u
process.u : process.icn runnable.u
qsort.u : qsort.icn
quotedprintablehandler.u : quotedprintablehandler.icn encodinghandler.u format.u
rfc822parser.u : rfc822parser.icn contentdisposition.u contenttype.u error.u group.u mailbox.u time.u timezone.u
rfc822pr.u : rfc822pr.icn group.u mailbox.u time.u timezone.u
runncable.u : runnable.icn
scrollarea.u : scrollarea.icn gui.u
scrollbar.u : scrollbar.icn gui.u
selectiveclasscoding.u : selectiveclasscoding.icn classcoding.u
sem.u : sem.icn time.u
setfields.u : setfields.icn langprocs.u
shm.u : shm.icn decode.u encode.u
sizer.u : sizer.icn gui.u
smtpclient.u : smtpclient.icn message.u netclient.u
sql.u : sql.icn
str_util.u : str_util.icn
stringbuff.u : stringbuff.icn
submenu.u : submenu.icn menucomponent.u
tabitem.u : tabitem.icn gui.u
tablecolumn.u : tablecolumn.icn textbutton.u
tabset.u : tabset.icn gui.u
textbutton.u : textbutton.icn gui.u
textfield.u : textfield.icn gui.u
texthandler.u : texthandler.icn typehandler.u
textlist.u : textlist.icn scrollarea.u
textmenuitem.u : textmenuitem.icn menucomponent.u
time.u : time.icn error.u object.u timezone.u
timezone.u : timezone.icn
toggle.u : toggle.icn
toggleiconbutton.u : toggleiconbutton.icn iconbutton.u
toggletextbutton.u : toggletextbutton.icn textbutton.u
toolbar.u : toolbar.icn gui.u
typehandler.u : typehandler.icn error.u
undoableedit.u : undoableedit.icn
undomanager.u : undomanager.icn compoundedit.u
url.u : url.icn error.u format.u object.u selectiveclasscoding.u
