### Autogenerated dependencies
attlist.u : attlist.icn
attributedef.u : attributedef.icn
canonicalxmlformatter.u : canonicalxmlformatter.icn formatter.u xmlformatter.u
cdata.u : cdata.icn node.u
comment.u : comment.icn node.u
contentspec.u : contentspec.icn
createdemo.u : createdemo.icn doctype.u externalid.u xmldecl.u xmldocument.u xmlelement.u xmlformatter.u
defaulterrorhandler.u : defaulterrorhandler.icn errorhandler.u
defaultresolver.u : defaultresolver.icn resolver.u
doctype.u : doctype.icn node.u
document.u : document.icn node.u
element.u : element.icn node.u
elementdecl.u : elementdecl.icn
entitydef.u : entitydef.icn
errorhandler.u : errorhandler.icn
externalid.u : externalid.icn
formatter.u : formatter.icn
globaldemo.u : globaldemo.icn globalname.u xmlparser.u
globalname.u : globalname.icn
htmldocument.u : htmldocument.icn document.u
htmlelement.u : htmlelement.icn element.u
htmlformatter.u : htmlformatter.icn formatter.u
htmlparser.u : htmlparser.icn comment.u doctype.u htmldocument.u htmlelement.u node.u parser.u
node.u : node.icn
notationdecl.u : notationdecl.icn
parser.u : parser.icn
processinginstruction.u : processinginstruction.icn node.u
resolver.u : resolver.icn
testhtml.u : testhtml.icn htmlformatter.u htmlparser.u
testinvalid.u : testinvalid.icn canonicalxmlformatter.u errorhandler.u xmlparser.u
testnotwf.u : testnotwf.icn errorhandler.u xmlparser.u
testpatterns.u : testpatterns.icn xmlparser.u
testvalid.u : testvalid.icn canonicalxmlformatter.u defaulterrorhandler.u xmlparser.u
testxml.u : testxml.icn xmlformatter.u xmlparser.u
webscraper.u : webscraper.icn htmlparser.u
xmldecl.u : xmldecl.icn node.u
xmldocument.u : xmldocument.icn document.u entitydef.u
xmlelement.u : xmlelement.icn element.u
xmlformatter.u : xmlformatter.icn formatter.u
xmlparser.u : xmlparser.icn attlist.u attributedef.u cdata.u comment.u contentspec.u defaulterrorhandler.u defaultresolver.u doctype.u elementdecl.u entitydef.u externalid.u globalname.u notationdecl.u parser.u processinginstruction.u xmldecl.u xmldocument.u xmlelement.u
