### Autogenerated dependencies
classinfo.u : classinfo.icn databaseinfo.u
databaseinfo.u : databaseinfo.icn
packageinfo.u : packageinfo.icn classinfo.u databaseinfo.u
parsedclass.u : parsedclass.icn parsedinitiallymethod.u parsedmethod.u parsedobject.u parser.u
parsedfunction.u : parsedfunction.icn parsedobject.u
parsedinitiallymethod.u : parsedinitiallymethod.icn parsedfunction.u parser.u
parsedmethod.u : parsedmethod.icn parsedfunction.u parser.u
parsedobject.u : parsedobject.icn
parsedprocedure.u : parsedprocedure.icn parsedfunction.u parser.u
parsedprogram.u : parsedprogram.icn parsedclass.u parsedobject.u parsedprocedure.u parsedrecord.u parser.u
parsedrecord.u : parsedrecord.icn parsedobject.u parser.u
parser.u : parser.icn
preproce.u : preproce.icn
showdb.u : showdb.icn classinfo.u packageinfo.u
showtree.u : showtree.icn parsedprogram.u parser.u
unigram.u : unigram.icn
unilex.u : unilex.icn ytab_h.icn
ytab_h.u : ytab_h.icn
libs :  classinfo.u databaseinfo.u packageinfo.u parsedclass.u parsedfunction.u parsedinitiallymethod.u parsedmethod.u parsedobject.u parsedprocedure.u parsedprogram.u parsedrecord.u parser.u preproce.u showdb.u showtree.u unigram.u unilex.u ytab_h.u
